<?xml version="1.0" encoding="UTF-8"?>
<testsuites>
  <testsuite name="fastlane.lanes">
    
    
    
      
      <testcase classname="fastlane.lanes" name="0: default_platform" time="0.00516">
        
      </testcase>
    
      
      <testcase classname="fastlane.lanes" name="1: update_fastlane" time="0.144864">
        
      </testcase>
    
      
      <testcase classname="fastlane.lanes" name="2: clean bundleDebug" time="7.52881">
        
          <failure message="/Library/Ruby/Gems/2.6.0/gems/fastlane-2.154.0/fastlane/lib/fastlane/actions/actions_helper.rb:48:in `execute_action'&#10;/Library/Ruby/Gems/2.6.0/gems/fastlane-2.154.0/fastlane/lib/fastlane/runner.rb:255:in `block in execute_action'&#10;/Library/Ruby/Gems/2.6.0/gems/fastlane-2.154.0/fastlane/lib/fastlane/runner.rb:229:in `chdir'&#10;/Library/Ruby/Gems/2.6.0/gems/fastlane-2.154.0/fastlane/lib/fastlane/runner.rb:229:in `execute_action'&#10;/Library/Ruby/Gems/2.6.0/gems/fastlane-2.154.0/fastlane/lib/fastlane/runner.rb:157:in `trigger_action_by_name'&#10;/Library/Ruby/Gems/2.6.0/gems/fastlane-2.154.0/fastlane/lib/fastlane/fast_file.rb:159:in `method_missing'&#10;Fastfile:27:in `block (2 levels) in parsing_binding'&#10;/Library/Ruby/Gems/2.6.0/gems/fastlane-2.154.0/fastlane/lib/fastlane/lane.rb:33:in `call'&#10;/Library/Ruby/Gems/2.6.0/gems/fastlane-2.154.0/fastlane/lib/fastlane/runner.rb:49:in `block in execute'&#10;/Library/Ruby/Gems/2.6.0/gems/fastlane-2.154.0/fastlane/lib/fastlane/runner.rb:45:in `chdir'&#10;/Library/Ruby/Gems/2.6.0/gems/fastlane-2.154.0/fastlane/lib/fastlane/runner.rb:45:in `execute'&#10;/Library/Ruby/Gems/2.6.0/gems/fastlane-2.154.0/fastlane/lib/fastlane/lane_manager.rb:47:in `cruise_lane'&#10;/Library/Ruby/Gems/2.6.0/gems/fastlane-2.154.0/fastlane/lib/fastlane/command_line_handler.rb:36:in `handle'&#10;/Library/Ruby/Gems/2.6.0/gems/fastlane-2.154.0/fastlane/lib/fastlane/commands_generator.rb:108:in `block (2 levels) in run'&#10;/Library/Ruby/Gems/2.6.0/gems/commander-fastlane-4.4.6/lib/commander/command.rb:178:in `call'&#10;/Library/Ruby/Gems/2.6.0/gems/commander-fastlane-4.4.6/lib/commander/command.rb:153:in `run'&#10;/Library/Ruby/Gems/2.6.0/gems/commander-fastlane-4.4.6/lib/commander/runner.rb:476:in `run_active_command'&#10;/Library/Ruby/Gems/2.6.0/gems/fastlane-2.154.0/fastlane_core/lib/fastlane_core/ui/fastlane_runner.rb:76:in `run!'&#10;/Library/Ruby/Gems/2.6.0/gems/commander-fastlane-4.4.6/lib/commander/delegates.rb:15:in `run!'&#10;/Library/Ruby/Gems/2.6.0/gems/fastlane-2.154.0/fastlane/lib/fastlane/commands_generator.rb:352:in `run'&#10;/Library/Ruby/Gems/2.6.0/gems/fastlane-2.154.0/fastlane/lib/fastlane/commands_generator.rb:41:in `start'&#10;/Library/Ruby/Gems/2.6.0/gems/fastlane-2.154.0/fastlane/lib/fastlane/cli_tools_distributor.rb:119:in `take_off'&#10;/Library/Ruby/Gems/2.6.0/gems/fastlane-2.154.0/bin/fastlane:23:in `&lt;top (required)&gt;'&#10;/usr/local/bin/fastlane:23:in `load'&#10;/usr/local/bin/fastlane:23:in `&lt;main&gt;'&#10;&#10;Exit status of command '/Users/volodya/Desktop/flutter_projects/flagsquiz/flags_quiz/android/gradlew clean bundleDebug -p .' was 1 instead of 0.&#10;&gt; Task :clean&#10;&gt; Task :app:clean UP-TO-DATE&#10;&gt; Task :path_provider:clean UP-TO-DATE&#10;&gt; Task :app:compileFlutterBuildDebug&#10;&gt; Task :app:packLibsflutterBuildDebug&#10;&gt; Task :app:preBuild UP-TO-DATE&#10;&gt; Task :app:preDebugBuild UP-TO-DATE&#10;&gt; Task :path_provider:preBuild UP-TO-DATE&#10;&gt; Task :path_provider:preDebugBuild UP-TO-DATE&#10;&gt; Task :path_provider:packageDebugRenderscript NO-SOURCE&#10;&gt; Task :app:compileDebugRenderscript NO-SOURCE&#10;&gt; Task :app:generateDebugResValues&#10;&gt; Task :app:generateDebugResources&#10;&gt; Task :path_provider:generateDebugResValues&#10;&gt; Task :path_provider:compileDebugRenderscript NO-SOURCE&#10;&gt; Task :path_provider:generateDebugResources&#10;&gt; Task :path_provider:packageDebugResources&#10;&gt; Task :app:checkDebugManifest&#10;&gt; Task :app:createDebugCompatibleScreenManifests&#10;&gt; Task :app:mainApkListPersistenceDebug&#10;&gt; Task :path_provider:checkDebugManifest&#10;&gt; Task :app:cleanMergeDebugAssets UP-TO-DATE&#10;&gt; Task :app:mergeDebugResources&#10;&gt; Task :path_provider:processDebugManifest&#10;&gt; Task :app:processDebugManifest&#10;&gt; Task :app:mergeDebugShaders&#10;&gt; Task :app:compileDebugShaders&#10;&gt; Task :app:generateDebugAssets&#10;&gt; Task :path_provider:mergeDebugShaders&#10;&gt; Task :path_provider:compileDebugShaders&#10;&gt; Task :path_provider:generateDebugAssets&#10;&gt; Task :path_provider:packageDebugAssets&#10;&gt; Task :app:mergeDebugAssets&#10;&gt; Task :app:generateDebugBuildConfig&#10;&gt; Task :path_provider:compileDebugAidl NO-SOURCE&#10;&gt; Task :app:compileDebugAidl NO-SOURCE&#10;&gt; Task :app:copyFlutterAssetsDebug&#10;&gt; Task :path_provider:generateDebugBuildConfig&#10;&gt; Task :app:processDebugJavaRes NO-SOURCE&#10;&gt; Task :path_provider:processDebugJavaRes NO-SOURCE&#10;&gt; Task :path_provider:parseDebugLibraryResources&#10;&gt; Task :path_provider:javaPreCompileDebug&#10;&gt; Task :app:checkDebugDuplicateClasses&#10;&gt; Task :path_provider:generateDebugRFile&#10;&gt; Task :app:processDebugResources&#10;&gt; Task :path_provider:compileDebugJavaWithJavac FAILED&#10;&gt; Task :app:bundleDebugResources&#10;&#10;FAILURE: Build failed with an exception.&#10;&#10;* What went wrong:&#10;Execution failed for task ':path_provider:compileDebugJavaWithJavac'.&#10;&gt; java.time.DateTimeException: Invalid value for MonthOfYear (valid values 1 - 12): 0&#10;&#10;* Try:&#10;Run with --stacktrace option to get the stack trace. Run with --info or --debug option to get more log output. Run with --scan to get full insights.&#10;&#10;* Get more help at https://help.gradle.org&#10;&#10;Deprecated Gradle features were used in this build, making it incompatible with Gradle 6.0.&#10;Use '--warning-mode all' to show the individual deprecation warnings.&#10;See https://docs.gradle.org/5.6.2/userguide/command_line_interface.html#sec:command_line_warnings&#10;&#10;BUILD FAILED in 6s&#10;32 actionable tasks: 29 executed, 3 up-to-date&#10;" />
        
      </testcase>
    
  </testsuite>
</testsuites>
